( siblist
  ( input eth0
   )
  child
  ( siblist
    ( dest foo
     )
    child
    ( siblist
      ( proto tcp
       )
      child
      ( siblist
        ( dport www
         )
        child
        ( accept
         )
       )
     )
   )
  next
  ( siblist
    ( input eth0
     )
    child
    ( siblist
      ( dest foo
       )
      child
      ( siblist
        ( proto tcp
         )
        child
        ( siblist
          ( sport www
           )
          child
          ( accept
           )
         )
       )
     )
    next
    ( siblist
      ( input eth0
       )
      child
      ( siblist
        ( dest foo
         )
        child
        ( siblist
          ( proto tcp
           )
          child
          ( siblist
            ( sport 53
             )
            child
            ( accept
             )
           )
         )
       )
      next
      ( siblist
        ( input eth0
         )
        child
        ( siblist
          ( dest foo
           )
          child
          ( siblist
            ( proto tcp
             )
            child
            ( siblist
              ( dport 53
               )
              child
              ( accept
               )
             )
           )
         )
        next
        ( siblist
          ( input eth0
           )
          child
          ( siblist
            ( dest foo
             )
            child
            ( siblist
              ( proto tcp
               )
              child
              ( siblist
                ( dport 53:54
                 )
                child
                ( accept
                 )
               )
             )
           )
          next
          ( siblist
            ( input eth0
             )
            child
            ( siblist
              ( dest foo
               )
              child
              ( siblist
                ( proto tcp
                 )
                child
                ( siblist
                  ( sport www:https
                   )
                  child
                  ( accept
                   )
                 )
               )
             )
            next
            ( siblist
              ( input eth0
               )
              child
              ( siblist
                ( dest foo
                 )
                child
                ( siblist
                  ( proto tcp
                   )
                  child
                  ( siblist
                    ( dport 53
                      next
                      ( dport www
                        next
                        ( dport smtp
                          next
                          ( dport 3128
                           )
                         )
                       )
                     )
                    child
                    ( accept
                     )
                   )
                 )
               )
             )
           )
         )
       )
     )
   )
 )
