( input eth0
  child
  ( dest foo
    child
    ( accept
     )
   )
  next
  ( input eth0
    child
    ( source foo
      child
      ( reject
       )
     )
    next
    ( input eth0
      child
      ( siblist
        ( dest foo
          next
          ( dest bar
           )
         )
        child
        ( accept
         )
       )
      next
      ( input eth0
        child
        ( dest foo/255.255.255.0
          child
          ( accept
           )
         )
        next
        ( input eth0
          child
          ( dest foo/255.255.255.255
            child
            ( accept
             )
           )
         )
       )
     )
   )
 )
