kind = 28 [<number>], spelling = "0", line = 2
kind = 29 [<dot>], spelling = ".", line = 2
kind = 28 [<number>], spelling = "0", line = 2
kind = 29 [<dot>], spelling = ".", line = 2
kind = 28 [<number>], spelling = "0", line = 2
kind = 29 [<dot>], spelling = ".", line = 2
kind = 28 [<number>], spelling = "0", line = 2
kind = 28 [<number>], spelling = "127", line = 3
kind = 29 [<dot>], spelling = ".", line = 3
kind = 28 [<number>], spelling = "0", line = 3
kind = 29 [<dot>], spelling = ".", line = 3
kind = 28 [<number>], spelling = "0", line = 3
kind = 29 [<dot>], spelling = ".", line = 3
kind = 28 [<number>], spelling = "1", line = 3
kind = 30 [<slash>], spelling = "/", line = 3
kind = 28 [<number>], spelling = "255", line = 3
kind = 29 [<dot>], spelling = ".", line = 3
kind = 28 [<number>], spelling = "255", line = 3
kind = 29 [<dot>], spelling = ".", line = 3
kind = 28 [<number>], spelling = "255", line = 3
kind = 29 [<dot>], spelling = ".", line = 3
kind = 28 [<number>], spelling = "255", line = 3
kind = 27 [<name>], spelling = "http", line = 4
kind = 27 [<name>], spelling = "bar", line = 5
kind = 30 [<slash>], spelling = "/", line = 5
kind = 28 [<number>], spelling = "29", line = 5
kind = 27 [<name>], spelling = "bar", line = 6
kind = 30 [<slash>], spelling = "/", line = 6
kind = 28 [<number>], spelling = "255", line = 6
kind = 29 [<dot>], spelling = ".", line = 6
kind = 28 [<number>], spelling = "255", line = 6
kind = 29 [<dot>], spelling = ".", line = 6
kind = 28 [<number>], spelling = "255", line = 6
kind = 29 [<dot>], spelling = ".", line = 6
kind = 28 [<number>], spelling = "248", line = 6
